2020-01-28 08:39:50,923 : DEBUG : API token matched expected pattern
2020-01-28 08:39:50,923 : DEBUG : No preference key in the configuration file
2020-01-28 08:39:50,923 : INFO : Sync delay is less than the minimum recommended value of 900
2020-01-28 08:39:50,924 : INFO : Invalid export path was found in configs/config.yaml, defaulting to /exports
2020-01-28 08:40:06,597 : DEBUG : API token matched expected pattern
2020-01-28 08:40:06,598 : DEBUG : No preference key in the configuration file
2020-01-28 08:40:06,598 : INFO : Sync delay is less than the minimum recommended value of 900
2020-01-28 08:40:06,598 : INFO : Invalid export path was found in configs/config.yaml, defaulting to /exports
2020-01-28 08:40:07,027 : DEBUG : Making connection to Engine(mssql+pyodbc_mssql://edd:***@192.168.21.242:1433/iAuditor?driver=ODBC Driver 17 for SQL Server)
2020-01-28 08:40:07,187 : INFO : iauditor_actions_data not Found.
2020-01-28 08:40:07,192 : INFO : Successfully setup Database and connection
2020-01-28 08:40:07,192 : INFO : Exporting iAuditor actions
2020-01-28 08:40:07,192 : INFO : Searching for actions modified after 2020-01-27T17:03:03.000Z
2020-01-28 08:40:08,395 : INFO : Found 0 actions
2020-01-28 08:40:08,395 : INFO : Searching for actions modified after 2020-01-27T17:03:03.000Z
2020-01-28 08:40:08,395 : INFO : No actions returned after 2020-01-27T17:03:03.000Z
2020-01-28 08:40:08,396 : INFO : Completed sync process, exiting
2020-01-28 08:40:15,257 : DEBUG : API token matched expected pattern
2020-01-28 08:40:15,257 : DEBUG : No preference key in the configuration file
2020-01-28 08:40:15,258 : INFO : Sync delay is less than the minimum recommended value of 900
2020-01-28 08:40:15,258 : INFO : Invalid export path was found in configs/config.yaml, defaulting to /exports
2020-01-28 08:40:15,461 : DEBUG : Making connection to Engine(mssql+pyodbc_mssql://edd:***@192.168.21.242:1433/iAuditor?driver=ODBC Driver 17 for SQL Server)
2020-01-28 08:40:15,556 : INFO : Successfully setup Database and connection
2020-01-28 08:40:15,557 : INFO : Exporting iAuditor actions
2020-01-28 08:40:15,557 : INFO : Searching for actions since the beginning of time: 2000-01-01T00:00:00.000Z
2020-01-28 08:40:16,453 : INFO : Found 63 actions
2020-01-28 08:40:16,453 : INFO : Exporting 63 actions
2020-01-28 08:40:16,480 : WARNING : Duplicate found, attempting to update
2020-01-28 08:43:37,962 : DEBUG : API token matched expected pattern
2020-01-28 08:43:37,963 : DEBUG : No preference key in the configuration file
2020-01-28 08:43:37,963 : INFO : Sync delay is less than the minimum recommended value of 900
2020-01-28 08:43:37,964 : INFO : Invalid export path was found in configs/config.yaml, defaulting to /exports
2020-01-28 08:44:13,125 : DEBUG : API token matched expected pattern
2020-01-28 08:44:13,126 : DEBUG : No preference key in the configuration file
2020-01-28 08:44:13,126 : INFO : Sync delay is less than the minimum recommended value of 900
2020-01-28 08:44:13,126 : INFO : Invalid export path was found in configs/config.yaml, defaulting to /exports
2020-01-28 08:44:13,414 : DEBUG : Making connection to Engine(mssql+pyodbc_mssql://edd:***@192.168.21.242:1433/iAuditor?driver=ODBC Driver 17 for SQL Server)
2020-01-28 08:44:13,555 : INFO : iauditor_actions_data not Found.
2020-01-28 08:44:13,572 : INFO : Successfully setup Database and connection
2020-01-28 08:44:13,572 : INFO : Exporting iAuditor actions
2020-01-28 08:44:13,572 : INFO : Searching for actions modified after 2000-01-01T00:00:00.000Z
2020-01-28 08:44:14,324 : INFO : Found 63 actions
2020-01-28 08:44:14,325 : INFO : Exporting 63 actions
2020-01-28 08:44:14,427 : INFO : Completed sync process, exiting
2020-01-28 08:44:22,269 : DEBUG : API token matched expected pattern
2020-01-28 08:44:22,270 : DEBUG : No preference key in the configuration file
2020-01-28 08:44:22,270 : INFO : Sync delay is less than the minimum recommended value of 900
2020-01-28 08:44:22,270 : INFO : Invalid export path was found in configs/config.yaml, defaulting to /exports
2020-01-28 08:44:22,478 : DEBUG : Making connection to Engine(mssql+pyodbc_mssql://edd:***@192.168.21.242:1433/iAuditor?driver=ODBC Driver 17 for SQL Server)
2020-01-28 08:44:22,574 : INFO : Successfully setup Database and connection
2020-01-28 08:44:22,575 : INFO : Exporting iAuditor actions
2020-01-28 08:44:22,575 : INFO : Searching for actions since the beginning of time: 2000-01-01T00:00:00.000Z
2020-01-28 08:44:23,053 : INFO : Found 63 actions
2020-01-28 08:44:23,053 : INFO : Exporting 63 actions
2020-01-28 08:44:23,071 : WARNING : Duplicate found, attempting to update
2020-01-28 08:44:23,337 : DEBUG : Row successfully updated.
2020-01-28 08:44:23,342 : INFO : Completed sync process, exiting
