2020-01-27 14:20:41,270 : DEBUG : API token matched expected pattern
2020-01-27 14:20:41,271 : DEBUG : No preference key in the configuration file
2020-01-27 14:20:41,271 : INFO : Sync delay is less than the minimum recommended value of 900
2020-01-27 14:20:41,271 : INFO : Invalid export path was found in configs/config.yaml, defaulting to /exports
2020-01-27 14:20:41,271 : INFO : Exporting iAuditor actions
2020-01-27 14:20:41,273 : INFO : Searching for actions since the beginning of time: 2000-01-01T00:00:00.000Z
2020-01-27 14:20:42,063 : INFO : Found 63 actions
2020-01-27 14:20:42,064 : INFO : Exporting 63 actions to /Users/edd/Documents/Docker/iauditor-exporter/exports/iauditor_actions.csv
2020-01-27 14:20:42,068 : INFO : Completed sync process, exiting
2020-01-27 15:17:46,877 : DEBUG : API token matched expected pattern
2020-01-27 15:17:46,877 : DEBUG : No preference key in the configuration file
2020-01-27 15:17:46,878 : INFO : Sync delay is less than the minimum recommended value of 900
2020-01-27 15:17:46,878 : INFO : Invalid export path was found in configs/config.yaml, defaulting to /exports
2020-01-27 15:18:37,613 : DEBUG : API token matched expected pattern
2020-01-27 15:18:37,613 : DEBUG : No preference key in the configuration file
2020-01-27 15:18:37,613 : INFO : Sync delay is less than the minimum recommended value of 900
2020-01-27 15:18:37,614 : INFO : Invalid export path was found in configs/config.yaml, defaulting to /exports
2020-01-27 15:18:37,614 : INFO : Exporting iAuditor actions
2020-01-27 15:18:37,615 : INFO : Searching for actions modified after 2020-01-27T14:20:42.000Z
2020-01-27 15:18:38,275 : INFO : Found 0 actions
2020-01-27 15:18:38,275 : INFO : Searching for actions modified after 2020-01-27T14:20:42.000Z
2020-01-27 15:18:38,275 : INFO : No actions returned after 2020-01-27T14:20:42.000Z
2020-01-27 15:18:38,276 : INFO : Completed sync process, exiting
2020-01-27 15:18:45,951 : INFO : invalid export format argument: actions_sql
2020-01-27 15:18:45,955 : DEBUG : API token matched expected pattern
2020-01-27 15:18:45,955 : DEBUG : No preference key in the configuration file
2020-01-27 15:18:45,955 : INFO : Sync delay is less than the minimum recommended value of 900
2020-01-27 15:18:45,955 : INFO : Invalid export path was found in configs/config.yaml, defaulting to /exports
2020-01-27 15:18:45,955 : INFO : Completed sync process, exiting
2020-01-27 15:19:04,831 : DEBUG : API token matched expected pattern
2020-01-27 15:19:04,831 : DEBUG : No preference key in the configuration file
2020-01-27 15:19:04,831 : INFO : Sync delay is less than the minimum recommended value of 900
2020-01-27 15:19:04,832 : INFO : Invalid export path was found in configs/config.yaml, defaulting to /exports
2020-01-27 15:19:56,536 : DEBUG : API token matched expected pattern
2020-01-27 15:19:56,536 : DEBUG : No preference key in the configuration file
2020-01-27 15:19:56,536 : INFO : Sync delay is less than the minimum recommended value of 900
2020-01-27 15:19:56,536 : INFO : Invalid export path was found in configs/config.yaml, defaulting to /exports
2020-01-27 15:20:21,485 : DEBUG : API token matched expected pattern
2020-01-27 15:20:21,485 : DEBUG : No preference key in the configuration file
2020-01-27 15:20:21,485 : INFO : Sync delay is less than the minimum recommended value of 900
2020-01-27 15:20:21,485 : INFO : Invalid export path was found in configs/config.yaml, defaulting to /exports
2020-01-27 15:20:21,923 : DEBUG : Making connection to Engine(mssql+pyodbc_mssql://None:***@None:1433/iAuditor?driver=ODBC Driver 17 for SQL Server)
2020-01-27 15:22:02,949 : DEBUG : API token matched expected pattern
2020-01-27 15:22:02,949 : DEBUG : No preference key in the configuration file
2020-01-27 15:22:02,949 : INFO : Sync delay is less than the minimum recommended value of 900
2020-01-27 15:22:02,950 : INFO : Invalid export path was found in configs/config.yaml, defaulting to /exports
2020-01-27 15:22:23,148 : DEBUG : API token matched expected pattern
2020-01-27 15:22:23,148 : DEBUG : No preference key in the configuration file
2020-01-27 15:22:23,148 : INFO : Sync delay is less than the minimum recommended value of 900
2020-01-27 15:22:55,904 : DEBUG : API token matched expected pattern
2020-01-27 15:22:55,905 : DEBUG : No preference key in the configuration file
2020-01-27 15:22:55,905 : INFO : Sync delay is less than the minimum recommended value of 900
2020-01-27 15:22:55,905 : INFO : Invalid export path was found in configs/config.yaml, defaulting to /exports
2020-01-27 15:22:56,135 : DEBUG : Making connection to Engine(mssql+pyodbc_mssql://None:***@None:1433/iAuditor?driver=ODBC Driver 17 for SQL Server)
2020-01-27 15:26:37,739 : DEBUG : API token matched expected pattern
2020-01-27 15:26:37,739 : DEBUG : No preference key in the configuration file
2020-01-27 15:26:37,740 : INFO : Sync delay is less than the minimum recommended value of 900
2020-01-27 15:26:37,740 : INFO : Invalid export path was found in configs/config.yaml, defaulting to /exports
2020-01-27 15:26:38,028 : DEBUG : Making connection to Engine(mssql+pyodbc_mssql://None:***@None:1433/iAuditor?driver=ODBC Driver 17 for SQL Server)
2020-01-27 15:27:30,016 : DEBUG : API token matched expected pattern
2020-01-27 15:27:30,016 : DEBUG : No preference key in the configuration file
2020-01-27 15:27:30,017 : INFO : Sync delay is less than the minimum recommended value of 900
2020-01-27 15:27:30,017 : INFO : Invalid export path was found in configs/config.yaml, defaulting to /exports
2020-01-27 15:27:30,272 : DEBUG : Making connection to Engine(mssql+pyodbc_mssql://edd:***@192.168.21.242:1433/iAuditor?driver=ODBC Driver 17 for SQL Server)
2020-01-27 15:31:28,244 : DEBUG : API token matched expected pattern
2020-01-27 15:31:28,245 : DEBUG : No preference key in the configuration file
2020-01-27 15:31:28,245 : INFO : Sync delay is less than the minimum recommended value of 900
2020-01-27 15:31:28,245 : INFO : Invalid export path was found in configs/config.yaml, defaulting to /exports
2020-01-27 15:31:28,713 : DEBUG : Making connection to Engine(mssql+pyodbc_mssql://edd:***@192.168.21.242:1433/iAuditor?driver=ODBC Driver 17 for SQL Server)
2020-01-27 15:34:55,286 : DEBUG : API token matched expected pattern
2020-01-27 15:34:55,286 : DEBUG : No preference key in the configuration file
2020-01-27 15:34:55,287 : INFO : Sync delay is less than the minimum recommended value of 900
2020-01-27 15:34:55,287 : INFO : Invalid export path was found in configs/config.yaml, defaulting to /exports
2020-01-27 15:34:55,570 : DEBUG : Making connection to Engine(mssql+pyodbc_mssql://edd:***@WINDOWS-J3E9AEO:1433/iAuditor?driver=ODBC Driver 17 for SQL Server)
2020-01-27 15:38:15,441 : DEBUG : API token matched expected pattern
2020-01-27 15:38:15,441 : DEBUG : No preference key in the configuration file
2020-01-27 15:38:15,442 : INFO : Sync delay is less than the minimum recommended value of 900
2020-01-27 15:38:15,442 : INFO : Invalid export path was found in configs/config.yaml, defaulting to /exports
2020-01-27 15:38:15,710 : DEBUG : Making connection to Engine(mssql+pyodbc_mssql://edd:***@WINDOWS-J3E9AEO:1433/iAuditor?driver=ODBC Driver 17 for SQL Server)
2020-01-27 15:38:32,880 : DEBUG : API token matched expected pattern
2020-01-27 15:38:32,880 : DEBUG : No preference key in the configuration file
2020-01-27 15:38:32,880 : INFO : Sync delay is less than the minimum recommended value of 900
2020-01-27 15:38:32,880 : INFO : Invalid export path was found in configs/config.yaml, defaulting to /exports
2020-01-27 15:38:33,155 : DEBUG : Making connection to Engine(mssql+pyodbc_mssql://edd:***@192.168.21.242:1433/iAuditor?driver=ODBC Driver 17 for SQL Server)
2020-01-27 15:38:33,341 : INFO : iauditor_actions_data not Found.
2020-01-27 15:38:33,347 : INFO : Successfully setup Database and connection
2020-01-27 15:38:33,347 : INFO : Exporting iAuditor actions
2020-01-27 15:38:33,348 : INFO : Searching for actions modified after 2020-01-27T15:18:38.000Z
2020-01-27 15:38:34,122 : INFO : Found 0 actions
2020-01-27 15:38:34,123 : INFO : Searching for actions modified after 2020-01-27T15:18:38.000Z
2020-01-27 15:38:34,123 : INFO : No actions returned after 2020-01-27T15:18:38.000Z
2020-01-27 15:38:34,124 : INFO : Completed sync process, exiting
2020-01-27 15:38:51,169 : DEBUG : API token matched expected pattern
2020-01-27 15:38:51,169 : DEBUG : No preference key in the configuration file
2020-01-27 15:38:51,169 : INFO : Sync delay is less than the minimum recommended value of 900
2020-01-27 15:38:51,169 : INFO : Invalid export path was found in configs/config.yaml, defaulting to /exports
2020-01-27 15:38:51,381 : DEBUG : Making connection to Engine(mssql+pyodbc_mssql://edd:***@192.168.21.242:1433/iAuditor?driver=ODBC Driver 17 for SQL Server)
2020-01-27 15:38:51,475 : INFO : Successfully setup Database and connection
2020-01-27 15:38:51,475 : INFO : Exporting iAuditor actions
2020-01-27 15:38:51,475 : INFO : Searching for actions since the beginning of time: 2000-01-01T00:00:00.000Z
2020-01-27 15:38:52,058 : INFO : Found 63 actions
2020-01-27 15:38:52,058 : INFO : Exporting 63 actions
2020-01-27 15:38:52,065 : WARNING : Duplicate found, attempting to update
2020-01-27 15:43:15,805 : DEBUG : API token matched expected pattern
2020-01-27 15:43:15,805 : DEBUG : No preference key in the configuration file
2020-01-27 15:43:15,805 : INFO : Sync delay is less than the minimum recommended value of 900
2020-01-27 15:43:15,805 : INFO : Invalid export path was found in configs/config.yaml, defaulting to /exports
2020-01-27 15:43:16,286 : DEBUG : Making connection to Engine(mssql+pyodbc_mssql://edd:***@192.168.21.242:1433/iAuditor?driver=ODBC Driver 17 for SQL Server)
2020-01-27 15:43:16,429 : INFO : Successfully setup Database and connection
2020-01-27 15:43:16,430 : INFO : Exporting iAuditor actions
2020-01-27 15:43:16,430 : INFO : Searching for actions modified after 2000-01-01T00:00:00.000Z
2020-01-27 15:43:16,981 : INFO : Found 63 actions
2020-01-27 15:43:16,981 : INFO : Exporting 63 actions
2020-01-27 15:43:16,986 : WARNING : Duplicate found, attempting to update
2020-01-27 15:44:19,878 : DEBUG : API token matched expected pattern
2020-01-27 15:44:19,878 : DEBUG : No preference key in the configuration file
2020-01-27 15:44:19,878 : INFO : Sync delay is less than the minimum recommended value of 900
2020-01-27 15:44:19,878 : INFO : Invalid export path was found in configs/config.yaml, defaulting to /exports
2020-01-27 15:44:20,135 : DEBUG : Making connection to Engine(mssql+pyodbc_mssql://edd:***@192.168.21.242:1433/iAuditor?driver=ODBC Driver 17 for SQL Server)
2020-01-27 15:44:20,269 : INFO : Successfully setup Database and connection
2020-01-27 15:44:20,269 : INFO : Exporting iAuditor actions
2020-01-27 15:44:20,270 : INFO : Searching for actions modified after 2000-01-01T00:00:00.000Z
2020-01-27 15:44:21,046 : INFO : Found 63 actions
2020-01-27 15:44:21,046 : INFO : Exporting 63 actions
2020-01-27 15:44:21,088 : WARNING : Duplicate found, attempting to update
2020-01-27 15:45:34,988 : DEBUG : API token matched expected pattern
2020-01-27 15:45:34,988 : DEBUG : No preference key in the configuration file
2020-01-27 15:45:34,988 : INFO : Sync delay is less than the minimum recommended value of 900
2020-01-27 15:45:34,989 : INFO : Invalid export path was found in configs/config.yaml, defaulting to /exports
2020-01-27 15:45:35,249 : DEBUG : Making connection to Engine(mssql+pyodbc_mssql://edd:***@192.168.21.242:1433/iAuditor?driver=ODBC Driver 17 for SQL Server)
2020-01-27 15:45:35,387 : INFO : Successfully setup Database and connection
2020-01-27 15:45:35,387 : INFO : Exporting iAuditor actions
2020-01-27 15:45:35,388 : INFO : Searching for actions modified after 2000-01-01T00:00:00.000Z
2020-01-27 15:45:36,194 : INFO : Found 63 actions
2020-01-27 15:45:36,194 : INFO : Exporting 63 actions
2020-01-27 15:45:36,215 : WARNING : Duplicate found, attempting to update
2020-01-27 15:45:58,119 : DEBUG : API token matched expected pattern
2020-01-27 15:45:58,119 : DEBUG : No preference key in the configuration file
2020-01-27 15:45:58,119 : INFO : Sync delay is less than the minimum recommended value of 900
2020-01-27 15:45:58,120 : INFO : Invalid export path was found in configs/config.yaml, defaulting to /exports
2020-01-27 15:45:58,356 : DEBUG : Making connection to Engine(mssql+pyodbc_mssql://edd:***@192.168.21.242:1433/iAuditor?driver=ODBC Driver 17 for SQL Server)
2020-01-27 15:45:58,490 : INFO : Successfully setup Database and connection
2020-01-27 15:45:58,490 : INFO : Exporting iAuditor actions
2020-01-27 15:45:58,491 : INFO : Searching for actions modified after 2000-01-01T00:00:00.000Z
2020-01-27 15:45:59,192 : INFO : Found 63 actions
2020-01-27 15:45:59,192 : INFO : Exporting 63 actions
2020-01-27 15:45:59,222 : WARNING : Duplicate found, attempting to update
2020-01-27 15:49:09,631 : DEBUG : API token matched expected pattern
2020-01-27 15:49:09,631 : DEBUG : No preference key in the configuration file
2020-01-27 15:49:09,631 : INFO : Sync delay is less than the minimum recommended value of 900
2020-01-27 15:49:09,632 : INFO : Invalid export path was found in configs/config.yaml, defaulting to /exports
2020-01-27 15:49:09,919 : DEBUG : Making connection to Engine(mssql+pyodbc_mssql://edd:***@192.168.21.242:1433/iAuditor?driver=ODBC Driver 17 for SQL Server)
2020-01-27 15:49:10,055 : INFO : Successfully setup Database and connection
2020-01-27 15:49:10,055 : INFO : Exporting iAuditor actions
2020-01-27 15:49:10,056 : INFO : Searching for actions modified after 2000-01-01T00:00:00.000Z
2020-01-27 15:49:10,953 : INFO : Found 63 actions
2020-01-27 15:49:10,954 : INFO : Exporting 63 actions
2020-01-27 15:49:10,985 : WARNING : Duplicate found, attempting to update
2020-01-27 15:53:53,724 : DEBUG : API token matched expected pattern
2020-01-27 15:53:53,725 : DEBUG : No preference key in the configuration file
2020-01-27 15:53:53,725 : INFO : Sync delay is less than the minimum recommended value of 900
2020-01-27 15:53:53,726 : INFO : Invalid export path was found in configs/config.yaml, defaulting to /exports
2020-01-27 15:53:54,162 : DEBUG : Making connection to Engine(mssql+pyodbc_mssql://edd:***@192.168.21.242:1433/iAuditor?driver=ODBC Driver 17 for SQL Server)
2020-01-27 15:53:54,310 : INFO : Successfully setup Database and connection
2020-01-27 15:53:54,311 : INFO : Exporting iAuditor actions
2020-01-27 15:53:54,311 : INFO : Searching for actions modified after 2000-01-01T00:00:00.000Z
2020-01-27 15:53:54,981 : INFO : Found 63 actions
2020-01-27 15:53:54,982 : INFO : Exporting 63 actions
2020-01-27 15:54:26,015 : DEBUG : API token matched expected pattern
2020-01-27 15:54:26,015 : DEBUG : No preference key in the configuration file
2020-01-27 15:54:26,015 : INFO : Sync delay is less than the minimum recommended value of 900
2020-01-27 15:54:26,016 : INFO : Invalid export path was found in configs/config.yaml, defaulting to /exports
2020-01-27 15:54:26,235 : DEBUG : Making connection to Engine(mssql+pyodbc_mssql://edd:***@192.168.21.242:1433/iAuditor?driver=ODBC Driver 17 for SQL Server)
2020-01-27 15:54:26,353 : INFO : Successfully setup Database and connection
2020-01-27 15:54:26,353 : INFO : Exporting iAuditor actions
2020-01-27 15:54:26,353 : INFO : Searching for actions modified after 2000-01-01T00:00:00.000Z
2020-01-27 15:54:26,931 : INFO : Found 63 actions
2020-01-27 15:54:26,931 : INFO : Exporting 63 actions
2020-01-27 15:54:55,768 : DEBUG : API token matched expected pattern
2020-01-27 15:54:55,768 : DEBUG : No preference key in the configuration file
2020-01-27 15:54:55,768 : INFO : Sync delay is less than the minimum recommended value of 900
2020-01-27 15:54:55,768 : INFO : Invalid export path was found in configs/config.yaml, defaulting to /exports
2020-01-27 15:54:55,974 : DEBUG : Making connection to Engine(mssql+pyodbc_mssql://edd:***@192.168.21.242:1433/iAuditor?driver=ODBC Driver 17 for SQL Server)
2020-01-27 15:54:56,104 : INFO : Successfully setup Database and connection
2020-01-27 15:54:56,104 : INFO : Exporting iAuditor actions
2020-01-27 15:54:56,105 : INFO : Searching for actions modified after 2000-01-01T00:00:00.000Z
2020-01-27 15:54:56,638 : INFO : Found 63 actions
2020-01-27 15:54:56,638 : INFO : Exporting 63 actions
2020-01-27 15:54:56,706 : WARNING : Duplicate found, attempting to update
2020-01-27 15:56:21,560 : DEBUG : API token matched expected pattern
2020-01-27 15:56:21,560 : DEBUG : No preference key in the configuration file
2020-01-27 15:56:21,560 : INFO : Sync delay is less than the minimum recommended value of 900
2020-01-27 15:56:21,560 : INFO : Invalid export path was found in configs/config.yaml, defaulting to /exports
2020-01-27 15:56:21,763 : DEBUG : Making connection to Engine(mssql+pyodbc_mssql://edd:***@192.168.21.242:1433/iAuditor?driver=ODBC Driver 17 for SQL Server)
2020-01-27 15:56:21,890 : INFO : Successfully setup Database and connection
2020-01-27 15:56:21,891 : INFO : Exporting iAuditor actions
2020-01-27 15:56:21,892 : INFO : Searching for actions modified after 2000-01-01T00:00:00.000Z
2020-01-27 15:56:22,962 : INFO : Found 63 actions
2020-01-27 15:56:22,962 : INFO : Exporting 63 actions
2020-01-27 15:56:23,010 : WARNING : Duplicate found, attempting to update
2020-01-27 15:57:40,718 : DEBUG : API token matched expected pattern
2020-01-27 15:57:40,718 : DEBUG : No preference key in the configuration file
2020-01-27 15:57:40,719 : INFO : Sync delay is less than the minimum recommended value of 900
2020-01-27 15:57:40,719 : INFO : Invalid export path was found in configs/config.yaml, defaulting to /exports
2020-01-27 15:57:40,924 : DEBUG : Making connection to Engine(mssql+pyodbc_mssql://edd:***@192.168.21.242:1433/iAuditor?driver=ODBC Driver 17 for SQL Server)
2020-01-27 15:57:41,050 : INFO : Successfully setup Database and connection
2020-01-27 15:57:41,051 : INFO : Exporting iAuditor actions
2020-01-27 15:57:41,051 : INFO : Searching for actions since the beginning of time: 2000-01-01T00:00:00.000Z
2020-01-27 15:57:41,839 : INFO : Found 63 actions
2020-01-27 15:57:41,839 : INFO : Exporting 63 actions
2020-01-27 15:57:41,857 : WARNING : Duplicate found, attempting to update
2020-01-27 16:03:37,936 : DEBUG : API token matched expected pattern
2020-01-27 16:03:37,936 : DEBUG : No preference key in the configuration file
2020-01-27 16:03:37,936 : INFO : Sync delay is less than the minimum recommended value of 900
2020-01-27 16:03:37,937 : INFO : Invalid export path was found in configs/config.yaml, defaulting to /exports
2020-01-27 16:03:38,323 : DEBUG : Making connection to Engine(mssql+pyodbc_mssql://edd:***@192.168.21.242:1433/iAuditor?driver=ODBC Driver 17 for SQL Server)
2020-01-27 16:03:38,469 : INFO : Successfully setup Database and connection
2020-01-27 16:03:38,469 : INFO : Exporting iAuditor actions
2020-01-27 16:03:38,469 : INFO : Searching for actions modified after 2000-01-01T00:00:00.000Z
2020-01-27 16:03:39,083 : INFO : Found 63 actions
2020-01-27 16:03:39,083 : INFO : Exporting 63 actions
2020-01-27 16:03:39,094 : WARNING : Duplicate found, attempting to update
2020-01-27 16:06:01,729 : DEBUG : API token matched expected pattern
2020-01-27 16:06:01,729 : DEBUG : No preference key in the configuration file
2020-01-27 16:06:01,730 : INFO : Sync delay is less than the minimum recommended value of 900
2020-01-27 16:06:01,730 : INFO : Invalid export path was found in configs/config.yaml, defaulting to /exports
2020-01-27 16:06:02,016 : DEBUG : Making connection to Engine(mssql+pyodbc_mssql://edd:***@192.168.21.242:1433/iAuditor?driver=ODBC Driver 17 for SQL Server)
2020-01-27 16:06:02,157 : INFO : Successfully setup Database and connection
2020-01-27 16:06:02,157 : INFO : Exporting iAuditor actions
2020-01-27 16:06:02,158 : INFO : Searching for actions modified after 2000-01-01T00:00:00.000Z
2020-01-27 16:06:03,024 : INFO : Found 63 actions
2020-01-27 16:06:03,025 : INFO : Exporting 63 actions
2020-01-27 16:06:03,032 : WARNING : Duplicate found, attempting to update
2020-01-27 16:06:23,505 : DEBUG : API token matched expected pattern
2020-01-27 16:06:23,506 : DEBUG : No preference key in the configuration file
2020-01-27 16:06:23,506 : INFO : Sync delay is less than the minimum recommended value of 900
2020-01-27 16:06:23,506 : INFO : Invalid export path was found in configs/config.yaml, defaulting to /exports
2020-01-27 16:06:23,761 : DEBUG : Making connection to Engine(mssql+pyodbc_mssql://edd:***@192.168.21.242:1433/iAuditor?driver=ODBC Driver 17 for SQL Server)
2020-01-27 16:06:23,871 : INFO : Successfully setup Database and connection
2020-01-27 16:06:23,871 : INFO : Exporting iAuditor actions
2020-01-27 16:06:23,871 : INFO : Searching for actions modified after 2000-01-01T00:00:00.000Z
2020-01-27 16:06:24,498 : INFO : Found 63 actions
2020-01-27 16:06:24,498 : INFO : Exporting 63 actions
2020-01-27 16:06:24,526 : WARNING : Duplicate found, attempting to update
2020-01-27 16:08:06,248 : DEBUG : API token matched expected pattern
2020-01-27 16:08:06,248 : DEBUG : No preference key in the configuration file
2020-01-27 16:08:06,249 : INFO : Sync delay is less than the minimum recommended value of 900
2020-01-27 16:08:06,249 : INFO : Invalid export path was found in configs/config.yaml, defaulting to /exports
2020-01-27 16:08:06,510 : DEBUG : Making connection to Engine(mssql+pyodbc_mssql://edd:***@192.168.21.242:1433/iAuditor?driver=ODBC Driver 17 for SQL Server)
2020-01-27 16:08:06,648 : INFO : Successfully setup Database and connection
2020-01-27 16:08:06,648 : INFO : Exporting iAuditor actions
2020-01-27 16:08:06,649 : INFO : Searching for actions modified after 2000-01-01T00:00:00.000Z
2020-01-27 16:08:10,423 : INFO : Found 63 actions
2020-01-27 16:08:10,423 : INFO : Exporting 63 actions
2020-01-27 16:08:10,431 : WARNING : Duplicate found, attempting to update
2020-01-27 16:11:05,205 : DEBUG : API token matched expected pattern
2020-01-27 16:11:05,205 : DEBUG : No preference key in the configuration file
2020-01-27 16:11:05,205 : INFO : Sync delay is less than the minimum recommended value of 900
2020-01-27 16:11:05,206 : INFO : Invalid export path was found in configs/config.yaml, defaulting to /exports
2020-01-27 16:11:05,466 : DEBUG : Making connection to Engine(mssql+pyodbc_mssql://edd:***@192.168.21.242:1433/iAuditor?driver=ODBC Driver 17 for SQL Server)
2020-01-27 16:11:05,611 : INFO : Successfully setup Database and connection
2020-01-27 16:11:05,611 : INFO : Exporting iAuditor actions
2020-01-27 16:11:05,612 : INFO : Searching for actions modified after 2000-01-01T00:00:00.000Z
2020-01-27 16:11:06,375 : INFO : Found 63 actions
2020-01-27 16:11:06,375 : INFO : Exporting 63 actions
2020-01-27 16:11:18,578 : DEBUG : API token matched expected pattern
2020-01-27 16:11:18,578 : DEBUG : No preference key in the configuration file
2020-01-27 16:11:18,578 : INFO : Sync delay is less than the minimum recommended value of 900
2020-01-27 16:11:18,578 : INFO : Invalid export path was found in configs/config.yaml, defaulting to /exports
2020-01-27 16:11:18,823 : DEBUG : Making connection to Engine(mssql+pyodbc_mssql://edd:***@192.168.21.242:1433/iAuditor?driver=ODBC Driver 17 for SQL Server)
2020-01-27 16:11:18,970 : INFO : Successfully setup Database and connection
2020-01-27 16:11:18,970 : INFO : Exporting iAuditor actions
2020-01-27 16:11:18,970 : INFO : Searching for actions modified after 2000-01-01T00:00:00.000Z
2020-01-27 16:11:19,493 : INFO : Found 63 actions
2020-01-27 16:11:19,493 : INFO : Exporting 63 actions
2020-01-27 16:11:19,547 : WARNING : Duplicate found, attempting to update
2020-01-27 16:11:34,247 : DEBUG : API token matched expected pattern
2020-01-27 16:11:34,248 : DEBUG : No preference key in the configuration file
2020-01-27 16:11:34,248 : INFO : Sync delay is less than the minimum recommended value of 900
2020-01-27 16:11:34,248 : INFO : Invalid export path was found in configs/config.yaml, defaulting to /exports
2020-01-27 16:11:34,514 : DEBUG : Making connection to Engine(mssql+pyodbc_mssql://edd:***@192.168.21.242:1433/iAuditor?driver=ODBC Driver 17 for SQL Server)
2020-01-27 16:11:34,619 : INFO : Successfully setup Database and connection
2020-01-27 16:11:34,619 : INFO : Exporting iAuditor actions
2020-01-27 16:11:34,619 : INFO : Searching for actions modified after 2000-01-01T00:00:00.000Z
2020-01-27 16:11:35,351 : INFO : Found 63 actions
2020-01-27 16:11:35,351 : INFO : Exporting 63 actions
2020-01-27 16:11:35,404 : WARNING : Duplicate found, attempting to update
2020-01-27 16:14:11,304 : DEBUG : API token matched expected pattern
2020-01-27 16:14:11,304 : DEBUG : No preference key in the configuration file
2020-01-27 16:14:11,305 : INFO : Sync delay is less than the minimum recommended value of 900
2020-01-27 16:14:11,305 : INFO : Invalid export path was found in configs/config.yaml, defaulting to /exports
2020-01-27 16:14:11,718 : DEBUG : Making connection to Engine(mssql+pyodbc_mssql://edd:***@192.168.21.242:1433/iAuditor?driver=ODBC Driver 17 for SQL Server)
2020-01-27 16:14:11,869 : INFO : Successfully setup Database and connection
2020-01-27 16:14:11,870 : INFO : Exporting iAuditor actions
2020-01-27 16:14:11,870 : INFO : Searching for actions modified after 2000-01-01T00:00:00.000Z
2020-01-27 16:14:12,422 : INFO : Found 63 actions
2020-01-27 16:14:12,423 : INFO : Exporting 63 actions
2020-01-27 16:14:12,439 : WARNING : Duplicate found, attempting to update
2020-01-27 16:17:50,112 : DEBUG : API token matched expected pattern
2020-01-27 16:17:50,112 : DEBUG : No preference key in the configuration file
2020-01-27 16:17:50,112 : INFO : Sync delay is less than the minimum recommended value of 900
2020-01-27 16:17:50,112 : INFO : Invalid export path was found in configs/config.yaml, defaulting to /exports
2020-01-27 16:17:50,408 : DEBUG : Making connection to Engine(mssql+pyodbc_mssql://edd:***@192.168.21.242:1433/iAuditor?driver=ODBC Driver 17 for SQL Server)
2020-01-27 16:17:50,556 : INFO : Successfully setup Database and connection
2020-01-27 16:17:50,556 : INFO : Exporting iAuditor actions
2020-01-27 16:17:50,557 : INFO : Searching for actions modified after 2000-01-01T00:00:00.000Z
2020-01-27 16:17:51,112 : INFO : Found 63 actions
2020-01-27 16:17:51,112 : INFO : Exporting 63 actions
2020-01-27 16:17:51,128 : WARNING : Duplicate found, attempting to update
2020-01-27 16:18:35,625 : DEBUG : API token matched expected pattern
2020-01-27 16:18:35,626 : DEBUG : No preference key in the configuration file
2020-01-27 16:18:35,626 : INFO : Sync delay is less than the minimum recommended value of 900
2020-01-27 16:18:35,626 : INFO : Invalid export path was found in configs/config.yaml, defaulting to /exports
2020-01-27 16:18:35,920 : DEBUG : Making connection to Engine(mssql+pyodbc_mssql://edd:***@192.168.21.242:1433/iAuditor?driver=ODBC Driver 17 for SQL Server)
2020-01-27 16:18:36,050 : INFO : Successfully setup Database and connection
2020-01-27 16:18:36,051 : INFO : Exporting iAuditor actions
2020-01-27 16:18:36,051 : INFO : Searching for actions modified after 2000-01-01T00:00:00.000Z
2020-01-27 16:18:36,565 : INFO : Found 63 actions
2020-01-27 16:18:36,565 : INFO : Exporting 63 actions
2020-01-27 16:18:36,582 : WARNING : Duplicate found, attempting to update
2020-01-27 16:21:35,142 : DEBUG : API token matched expected pattern
2020-01-27 16:21:35,142 : DEBUG : No preference key in the configuration file
2020-01-27 16:21:35,142 : INFO : Sync delay is less than the minimum recommended value of 900
2020-01-27 16:21:35,143 : INFO : Invalid export path was found in configs/config.yaml, defaulting to /exports
2020-01-27 16:21:35,393 : DEBUG : Making connection to Engine(mssql+pyodbc_mssql://edd:***@192.168.21.242:1433/iAuditor?driver=ODBC Driver 17 for SQL Server)
2020-01-27 16:21:35,530 : INFO : Successfully setup Database and connection
2020-01-27 16:21:35,530 : INFO : Exporting iAuditor actions
2020-01-27 16:21:35,531 : INFO : Searching for actions modified after 2000-01-01T00:00:00.000Z
2020-01-27 16:21:36,043 : INFO : Found 63 actions
2020-01-27 16:21:36,044 : INFO : Exporting 63 actions
2020-01-27 16:21:36,061 : WARNING : Duplicate found, attempting to update
2020-01-27 16:34:07,708 : DEBUG : API token matched expected pattern
2020-01-27 16:34:07,709 : DEBUG : No preference key in the configuration file
2020-01-27 16:34:07,709 : INFO : Sync delay is less than the minimum recommended value of 900
2020-01-27 16:34:07,709 : INFO : Invalid export path was found in configs/config.yaml, defaulting to /exports
2020-01-27 16:34:08,166 : DEBUG : Making connection to Engine(mssql+pyodbc_mssql://edd:***@192.168.21.242:1433/iAuditor?driver=ODBC Driver 17 for SQL Server)
2020-01-27 16:34:08,302 : INFO : iauditor_actions_data not Found.
2020-01-27 16:34:08,312 : INFO : Successfully setup Database and connection
2020-01-27 16:34:08,313 : INFO : Exporting iAuditor actions
2020-01-27 16:34:08,313 : INFO : Searching for actions modified after 2000-01-01T00:00:00.000Z
2020-01-27 16:34:08,822 : INFO : Found 63 actions
2020-01-27 16:34:08,823 : INFO : Exporting 63 actions
2020-01-27 16:34:08,840 : WARNING : Duplicate found, attempting to update
2020-01-27 16:36:43,361 : DEBUG : API token matched expected pattern
2020-01-27 16:36:43,361 : DEBUG : No preference key in the configuration file
2020-01-27 16:36:43,362 : INFO : Sync delay is less than the minimum recommended value of 900
2020-01-27 16:36:43,362 : INFO : Invalid export path was found in configs/config.yaml, defaulting to /exports
2020-01-27 16:36:43,572 : DEBUG : Making connection to Engine(mssql+pyodbc_mssql://edd:***@192.168.21.242:1433/iAuditor?driver=ODBC Driver 17 for SQL Server)
2020-01-27 16:36:43,699 : INFO : Successfully setup Database and connection
2020-01-27 16:36:43,699 : INFO : Exporting iAuditor actions
2020-01-27 16:36:43,699 : INFO : Searching for actions modified after 2000-01-01T00:00:00.000Z
2020-01-27 16:36:44,197 : INFO : Found 63 actions
2020-01-27 16:36:44,198 : INFO : Exporting 63 actions
2020-01-27 16:36:44,217 : WARNING : Duplicate found, attempting to update
2020-01-27 16:38:12,618 : DEBUG : API token matched expected pattern
2020-01-27 16:38:12,619 : DEBUG : No preference key in the configuration file
2020-01-27 16:38:12,619 : INFO : Sync delay is less than the minimum recommended value of 900
2020-01-27 16:38:12,619 : INFO : Invalid export path was found in configs/config.yaml, defaulting to /exports
2020-01-27 16:38:12,887 : DEBUG : Making connection to Engine(mssql+pyodbc_mssql://edd:***@192.168.21.242:1433/iAuditor?driver=ODBC Driver 17 for SQL Server)
2020-01-27 16:38:13,022 : INFO : Successfully setup Database and connection
2020-01-27 16:38:13,022 : INFO : Exporting iAuditor actions
2020-01-27 16:38:13,023 : INFO : Searching for actions modified after 2000-01-01T00:00:00.000Z
2020-01-27 16:38:13,676 : INFO : Found 63 actions
2020-01-27 16:38:13,676 : INFO : Exporting 63 actions
2020-01-27 16:38:13,699 : WARNING : Duplicate found, attempting to update
2020-01-27 16:43:51,713 : DEBUG : API token matched expected pattern
2020-01-27 16:43:51,713 : DEBUG : No preference key in the configuration file
2020-01-27 16:43:51,713 : INFO : Sync delay is less than the minimum recommended value of 900
2020-01-27 16:43:51,714 : INFO : Invalid export path was found in configs/config.yaml, defaulting to /exports
2020-01-27 16:43:51,918 : DEBUG : Making connection to Engine(mssql+pyodbc_mssql://edd:***@192.168.21.242:1433/iAuditor?driver=ODBC Driver 17 for SQL Server)
2020-01-27 16:43:52,053 : INFO : Successfully setup Database and connection
2020-01-27 16:43:52,053 : INFO : Exporting iAuditor actions
2020-01-27 16:43:52,054 : INFO : Searching for actions modified after 2000-01-01T00:00:00.000Z
2020-01-27 16:43:52,500 : INFO : Found 63 actions
2020-01-27 16:43:52,500 : INFO : Exporting 63 actions
2020-01-27 16:43:52,523 : WARNING : Duplicate found, attempting to update
2020-01-27 16:44:17,688 : DEBUG : API token matched expected pattern
2020-01-27 16:44:17,688 : DEBUG : No preference key in the configuration file
2020-01-27 16:44:17,688 : INFO : Sync delay is less than the minimum recommended value of 900
2020-01-27 16:44:17,689 : INFO : Invalid export path was found in configs/config.yaml, defaulting to /exports
2020-01-27 16:44:17,900 : DEBUG : Making connection to Engine(mssql+pyodbc_mssql://edd:***@192.168.21.242:1433/iAuditor?driver=ODBC Driver 17 for SQL Server)
2020-01-27 16:44:17,997 : INFO : Successfully setup Database and connection
2020-01-27 16:44:17,997 : INFO : Exporting iAuditor actions
2020-01-27 16:44:17,997 : INFO : Searching for actions modified after 2000-01-01T00:00:00.000Z
2020-01-27 16:44:18,446 : INFO : Found 63 actions
2020-01-27 16:44:18,447 : INFO : Exporting 63 actions
2020-01-27 16:50:49,173 : DEBUG : API token matched expected pattern
2020-01-27 16:50:49,174 : DEBUG : No preference key in the configuration file
2020-01-27 16:50:49,174 : INFO : Sync delay is less than the minimum recommended value of 900
2020-01-27 16:50:49,174 : INFO : Invalid export path was found in configs/config.yaml, defaulting to /exports
2020-01-27 16:50:49,565 : DEBUG : Making connection to Engine(mssql+pyodbc_mssql://edd:***@192.168.21.242:1433/iAuditor?driver=ODBC Driver 17 for SQL Server)
2020-01-27 16:50:49,708 : INFO : iauditor_actions_data not Found.
2020-01-27 16:50:49,712 : INFO : Successfully setup Database and connection
2020-01-27 16:50:49,713 : INFO : Exporting iAuditor actions
2020-01-27 16:50:49,715 : INFO : Searching for actions modified after 2000-01-01T00:00:00.000Z
2020-01-27 16:50:50,262 : INFO : Found 63 actions
2020-01-27 16:50:50,262 : INFO : Exporting 63 actions
2020-01-27 16:55:33,429 : DEBUG : API token matched expected pattern
2020-01-27 16:55:33,429 : DEBUG : No preference key in the configuration file
2020-01-27 16:55:33,430 : INFO : Sync delay is less than the minimum recommended value of 900
2020-01-27 16:55:33,430 : INFO : Invalid export path was found in configs/config.yaml, defaulting to /exports
2020-01-27 16:55:33,684 : DEBUG : Making connection to Engine(mssql+pyodbc_mssql://edd:***@192.168.21.242:1433/iAuditor?driver=ODBC Driver 17 for SQL Server)
2020-01-27 16:55:33,815 : INFO : iauditor_actions_data not Found.
2020-01-27 16:55:33,823 : INFO : Successfully setup Database and connection
2020-01-27 16:55:33,823 : INFO : Exporting iAuditor actions
2020-01-27 16:55:33,823 : INFO : Searching for actions modified after 2000-01-01T00:00:00.000Z
2020-01-27 16:55:34,329 : INFO : Found 63 actions
2020-01-27 16:55:34,330 : INFO : Exporting 63 actions
2020-01-27 16:57:56,774 : DEBUG : API token matched expected pattern
2020-01-27 16:57:56,775 : DEBUG : No preference key in the configuration file
2020-01-27 16:57:56,775 : INFO : Sync delay is less than the minimum recommended value of 900
2020-01-27 16:57:56,775 : INFO : Invalid export path was found in configs/config.yaml, defaulting to /exports
2020-01-27 16:57:57,016 : DEBUG : Making connection to Engine(mssql+pyodbc_mssql://edd:***@192.168.21.242:1433/iAuditor?driver=ODBC Driver 17 for SQL Server)
2020-01-27 16:57:57,148 : INFO : iauditor_actions_data not Found.
2020-01-27 16:57:57,160 : INFO : Successfully setup Database and connection
2020-01-27 16:57:57,160 : INFO : Exporting iAuditor actions
2020-01-27 16:57:57,160 : INFO : Searching for actions modified after 2000-01-01T00:00:00.000Z
2020-01-27 16:57:57,738 : INFO : Found 63 actions
2020-01-27 16:57:57,738 : INFO : Exporting 63 actions
2020-01-27 16:57:57,836 : INFO : Completed sync process, exiting
2020-01-27 16:58:34,182 : DEBUG : API token matched expected pattern
2020-01-27 16:58:34,182 : DEBUG : No preference key in the configuration file
2020-01-27 16:58:34,182 : INFO : Sync delay is less than the minimum recommended value of 900
2020-01-27 16:58:34,183 : INFO : Invalid export path was found in configs/config.yaml, defaulting to /exports
2020-01-27 16:58:34,388 : DEBUG : Making connection to Engine(mssql+pyodbc_mssql://edd:***@192.168.21.242:1433/iAuditor?driver=ODBC Driver 17 for SQL Server)
2020-01-27 16:58:34,488 : INFO : iauditor_actions_data not Found.
2020-01-27 16:58:34,500 : INFO : Successfully setup Database and connection
2020-01-27 16:58:34,500 : INFO : Exporting iAuditor actions
2020-01-27 16:58:34,500 : INFO : Searching for actions modified after 2020-01-27T16:57:57.000Z
2020-01-27 16:58:34,857 : INFO : Found 0 actions
2020-01-27 16:58:34,857 : INFO : Searching for actions modified after 2020-01-27T16:57:57.000Z
2020-01-27 16:58:34,857 : INFO : No actions returned after 2020-01-27T16:57:57.000Z
2020-01-27 16:58:34,858 : INFO : Completed sync process, exiting
2020-01-27 16:58:41,654 : DEBUG : API token matched expected pattern
2020-01-27 16:58:41,654 : DEBUG : No preference key in the configuration file
2020-01-27 16:58:41,654 : INFO : Sync delay is less than the minimum recommended value of 900
2020-01-27 16:58:41,655 : INFO : Invalid export path was found in configs/config.yaml, defaulting to /exports
2020-01-27 16:58:41,863 : DEBUG : Making connection to Engine(mssql+pyodbc_mssql://edd:***@192.168.21.242:1433/iAuditor?driver=ODBC Driver 17 for SQL Server)
2020-01-27 16:58:41,958 : INFO : Successfully setup Database and connection
2020-01-27 16:58:41,958 : INFO : Exporting iAuditor actions
2020-01-27 16:58:41,958 : INFO : Searching for actions since the beginning of time: 2000-01-01T00:00:00.000Z
2020-01-27 16:58:42,425 : INFO : Found 63 actions
2020-01-27 16:58:42,426 : INFO : Exporting 63 actions
2020-01-27 16:58:42,536 : INFO : Completed sync process, exiting
2020-01-27 16:59:57,831 : DEBUG : API token matched expected pattern
2020-01-27 16:59:57,831 : DEBUG : No preference key in the configuration file
2020-01-27 16:59:57,831 : INFO : Sync delay is less than the minimum recommended value of 900
2020-01-27 16:59:57,832 : INFO : Invalid export path was found in configs/config.yaml, defaulting to /exports
2020-01-27 16:59:58,084 : DEBUG : Making connection to Engine(mssql+pyodbc_mssql://edd:***@192.168.21.242:1433/iAuditor?driver=ODBC Driver 17 for SQL Server)
2020-01-27 16:59:58,231 : INFO : Successfully setup Database and connection
2020-01-27 16:59:58,232 : INFO : Exporting iAuditor actions
2020-01-27 16:59:58,232 : INFO : Searching for actions modified after 2020-01-27T16:58:42.000Z
2020-01-27 16:59:58,652 : INFO : Found 0 actions
2020-01-27 16:59:58,653 : INFO : Searching for actions modified after 2020-01-27T16:58:42.000Z
2020-01-27 16:59:58,653 : INFO : No actions returned after 2020-01-27T16:58:42.000Z
2020-01-27 16:59:58,653 : INFO : Completed sync process, exiting
2020-01-27 17:00:08,173 : DEBUG : API token matched expected pattern
2020-01-27 17:00:08,173 : DEBUG : No preference key in the configuration file
2020-01-27 17:00:08,174 : INFO : Sync delay is less than the minimum recommended value of 900
2020-01-27 17:00:08,174 : INFO : Invalid export path was found in configs/config.yaml, defaulting to /exports
2020-01-27 17:00:08,381 : DEBUG : Making connection to Engine(mssql+pyodbc_mssql://edd:***@192.168.21.242:1433/iAuditor?driver=ODBC Driver 17 for SQL Server)
2020-01-27 17:00:08,506 : INFO : Successfully setup Database and connection
2020-01-27 17:00:08,507 : INFO : Exporting iAuditor actions
2020-01-27 17:00:08,508 : INFO : Searching for actions since the beginning of time: 2000-01-01T00:00:00.000Z
2020-01-27 17:00:09,130 : INFO : Found 63 actions
2020-01-27 17:00:09,131 : INFO : Exporting 63 actions
2020-01-27 17:00:09,154 : WARNING : Duplicate found, attempting to update
2020-01-27 17:00:19,574 : DEBUG : API token matched expected pattern
2020-01-27 17:00:19,574 : DEBUG : No preference key in the configuration file
2020-01-27 17:00:19,574 : INFO : Sync delay is less than the minimum recommended value of 900
2020-01-27 17:00:19,575 : INFO : Invalid export path was found in configs/config.yaml, defaulting to /exports
2020-01-27 17:00:19,831 : DEBUG : Making connection to Engine(mssql+pyodbc_mssql://edd:***@192.168.21.242:1433/iAuditor?driver=ODBC Driver 17 for SQL Server)
2020-01-27 17:00:19,938 : INFO : Successfully setup Database and connection
2020-01-27 17:00:19,938 : INFO : Exporting iAuditor actions
2020-01-27 17:00:19,938 : INFO : Searching for actions modified after 2000-01-01T00:00:00.000Z
2020-01-27 17:00:20,707 : INFO : Found 63 actions
2020-01-27 17:00:20,707 : INFO : Exporting 63 actions
2020-01-27 17:00:20,721 : WARNING : Duplicate found, attempting to update
2020-01-27 17:00:52,513 : DEBUG : API token matched expected pattern
2020-01-27 17:00:52,513 : DEBUG : No preference key in the configuration file
2020-01-27 17:00:52,513 : INFO : Sync delay is less than the minimum recommended value of 900
2020-01-27 17:00:52,514 : INFO : Invalid export path was found in configs/config.yaml, defaulting to /exports
2020-01-27 17:00:52,718 : DEBUG : Making connection to Engine(mssql+pyodbc_mssql://edd:***@192.168.21.242:1433/iAuditor?driver=ODBC Driver 17 for SQL Server)
2020-01-27 17:00:52,825 : INFO : Successfully setup Database and connection
2020-01-27 17:00:52,825 : INFO : Exporting iAuditor actions
2020-01-27 17:00:52,826 : INFO : Searching for actions modified after 2000-01-01T00:00:00.000Z
2020-01-27 17:00:53,438 : INFO : Found 63 actions
2020-01-27 17:00:53,438 : INFO : Exporting 63 actions
2020-01-27 17:00:53,453 : WARNING : Duplicate found, attempting to update
2020-01-27 17:01:40,882 : DEBUG : API token matched expected pattern
2020-01-27 17:01:40,882 : DEBUG : No preference key in the configuration file
2020-01-27 17:01:40,882 : INFO : Sync delay is less than the minimum recommended value of 900
2020-01-27 17:01:40,882 : INFO : Invalid export path was found in configs/config.yaml, defaulting to /exports
2020-01-27 17:01:41,312 : DEBUG : Making connection to Engine(mssql+pyodbc_mssql://edd:***@192.168.21.242:1433/iAuditor?driver=ODBC Driver 17 for SQL Server)
2020-01-27 17:01:41,444 : INFO : Successfully setup Database and connection
2020-01-27 17:01:41,445 : INFO : Exporting iAuditor actions
2020-01-27 17:01:41,445 : INFO : Searching for actions modified after 2000-01-01T00:00:00.000Z
2020-01-27 17:01:42,162 : INFO : Found 63 actions
2020-01-27 17:01:42,162 : INFO : Exporting 63 actions
2020-01-27 17:01:42,178 : WARNING : Duplicate found, attempting to update
2020-01-27 17:02:51,679 : DEBUG : API token matched expected pattern
2020-01-27 17:02:51,679 : DEBUG : No preference key in the configuration file
2020-01-27 17:02:51,679 : INFO : Sync delay is less than the minimum recommended value of 900
2020-01-27 17:02:51,679 : INFO : Invalid export path was found in configs/config.yaml, defaulting to /exports
2020-01-27 17:02:51,886 : DEBUG : Making connection to Engine(mssql+pyodbc_mssql://edd:***@192.168.21.242:1433/iAuditor?driver=ODBC Driver 17 for SQL Server)
2020-01-27 17:02:52,008 : INFO : iauditor_actions_data not Found.
2020-01-27 17:02:52,020 : INFO : Successfully setup Database and connection
2020-01-27 17:02:52,020 : INFO : Exporting iAuditor actions
2020-01-27 17:02:52,020 : INFO : Searching for actions modified after 2000-01-01T00:00:00.000Z
2020-01-27 17:02:52,601 : INFO : Found 63 actions
2020-01-27 17:02:52,601 : INFO : Exporting 63 actions
2020-01-27 17:02:52,697 : INFO : Completed sync process, exiting
2020-01-27 17:03:00,939 : DEBUG : API token matched expected pattern
2020-01-27 17:03:00,940 : DEBUG : No preference key in the configuration file
2020-01-27 17:03:00,940 : INFO : Sync delay is less than the minimum recommended value of 900
2020-01-27 17:03:00,940 : INFO : Invalid export path was found in configs/config.yaml, defaulting to /exports
2020-01-27 17:03:01,148 : DEBUG : Making connection to Engine(mssql+pyodbc_mssql://edd:***@192.168.21.242:1433/iAuditor?driver=ODBC Driver 17 for SQL Server)
2020-01-27 17:03:01,245 : INFO : Successfully setup Database and connection
2020-01-27 17:03:01,245 : INFO : Exporting iAuditor actions
2020-01-27 17:03:01,246 : INFO : Searching for actions since the beginning of time: 2000-01-01T00:00:00.000Z
2020-01-27 17:03:02,836 : INFO : Found 63 actions
2020-01-27 17:03:02,837 : INFO : Exporting 63 actions
2020-01-27 17:03:02,851 : WARNING : Duplicate found, attempting to update
2020-01-27 17:03:03,064 : DEBUG : Row successfully updated.
2020-01-27 17:03:03,068 : INFO : Completed sync process, exiting
